3/9/2024 7:44:55 PM
GlazeWM.Infrastructure.Exceptions.FatalUserException: Failed to parse user config. (Line: 65, Col: 5, Idx: 1807) - (Line: 65, Col: 5, Idx: 1807): While parsing a block collection, did not find expected '-' indicator.
   at GlazeWM.Domain.UserConfigs.CommandHandlers.EvaluateUserConfigHandler.DeserializeUserConfig(String userConfigPath) in D:\a\glazewm\glazewm\GlazeWM.Domain\UserConfigs\CommandHandlers\EvaluateUserConfigHandler.cs:line 109
   at GlazeWM.Domain.UserConfigs.CommandHandlers.EvaluateUserConfigHandler.Handle(EvaluateUserConfigCommand command) in D:\a\glazewm\glazewm\GlazeWM.Domain\UserConfigs\CommandHandlers\EvaluateUserConfigHandler.cs:line 49
   at GlazeWM.Infrastructure.Bussing.Bus.Invoke[T](T command) in D:\a\glazewm\glazewm\GlazeWM.Infrastructure\Bussing\Bus.cs:line 48
   at GlazeWM.Domain.UserConfigs.CommandHandlers.ReloadUserConfigHandler.Handle(ReloadUserConfigCommand command) in D:\a\glazewm\glazewm\GlazeWM.Domain\UserConfigs\CommandHandlers\ReloadUserConfigHandler.cs:line 35
   at GlazeWM.Infrastructure.Bussing.Bus.Invoke[T](T command) in D:\a\glazewm\glazewm\GlazeWM.Infrastructure\Bussing\Bus.cs:line 48
   at CallSite.Target(Closure, CallSite, Bus, Object)
   at System.Dynamic.UpdateDelegates.UpdateAndExecuteVoid2[T0,T1](CallSite site, T0 arg0, T1 arg1)
   at GlazeWM.Domain.UserConfigs.CommandHandlers.RunWithSubjectContainerHandler.Handle(RunWithSubjectContainerCommand command) in D:\a\glazewm\glazewm\GlazeWM.Domain\UserConfigs\CommandHandlers\RunWithSubjectContainerHandler.cs:line 28
   at GlazeWM.Infrastructure.Bussing.Bus.Invoke[T](T command) in D:\a\glazewm\glazewm\GlazeWM.Infrastructure\Bussing\Bus.cs:line 48
   at GlazeWM.Domain.UserConfigs.CommandHandlers.RegisterKeybindingsHandler.<>c__DisplayClass4_0.<Handle>b__1() in D:\a\glazewm\glazewm\GlazeWM.Domain\UserConfigs\CommandHandlers\RegisterKeybindingsHandler.cs:line 55
Command history: HandleFatalExceptionCommand, EvaluateUserConfigCommand, ReloadUserConfigCommand, RunWithSubjectContainerCommand, SetActiveWindowBorderCommand, SyncNativeFocusCommand, RedrawContainersCommand, SetFocusedDescendantCommand, FocusWorkspaceCommand, RunWithSubjectContainerCommand, SetActiveWindowBorderCommand, SyncNativeFocusCommand, RedrawContainersCommand, SetFocusedDescendantCommand, FocusWorkspaceCommand 
State dump: {"id":"2062e7c6-6ae6-4b7c-8db9-535623673702","x":0,"y":0,"width":0,"height":0,"type":"root","focus_index":0,"children":[{"device_name":"\\\\.\\DISPLAY1","id":"63aaf579-f499-4aaa-be14-2c0e34743ae6","x":0,"y":0,"width":3840,"height":1050,"type":"monitor","focus_index":0,"children":[{"tiling_direction":"horizontal","size_percentage":1,"name":"1","id":"f9a6bacc-b957-4dbb-91db-764422c7d883","x":5,"y":35,"width":3830,"height":1010,"type":"workspace","focus_index":0,"children":[{"floating_placement":{"left":1277,"top":32,"right":2564,"bottom":1049,"x":1277,"y":32,"width":1287,"height":1017},"border_delta":{"left":7,"top":0,"right":7,"bottom":7},"handle":263492,"size_percentage":0.5,"id":"c9455dc3-6136-4390-8aa0-96be79d1f6ff","x":5,"y":35,"width":1912,"height":1010,"type":"window","focus_index":1,"children":[]},{"floating_placement":{"left":1284,"top":35,"right":2557,"bottom":1045,"x":1284,"y":35,"width":1273,"height":1010},"border_delta":{"left":0,"top":0,"right":0,"bottom":0},"handle":198340,"size_percentage":0.5,"id":"b25bb518-1a05-460e-a729-46a5f57f4ee4","x":1922,"y":35,"width":1912,"height":1010,"type":"window","focus_index":0,"children":[]}]},{"tiling_direction":"horizontal","size_percentage":0,"name":"2","id":"aafc923d-75bd-42f9-a48b-e3643bc6a632","x":5,"y":35,"width":3830,"height":1010,"type":"workspace","focus_index":1,"children":[{"id":"e5aa9e56-c604-41f0-b4f8-fbb53d2e942f","x":0,"y":0,"width":0,"height":0,"type":"window","focus_index":0,"children":[]}]}]}]}

3/9/2024 8:12:50 PM
GlazeWM.Infrastructure.Exceptions.FatalUserException: Failed to parse user config. (Line: 74, Col: 3, Idx: 2076) - (Line: 74, Col: 3, Idx: 2076): While parsing a block collection, did not find expected '-' indicator.
   at GlazeWM.Domain.UserConfigs.CommandHandlers.EvaluateUserConfigHandler.DeserializeUserConfig(String userConfigPath) in D:\a\glazewm\glazewm\GlazeWM.Domain\UserConfigs\CommandHandlers\EvaluateUserConfigHandler.cs:line 109
   at GlazeWM.Domain.UserConfigs.CommandHandlers.EvaluateUserConfigHandler.Handle(EvaluateUserConfigCommand command) in D:\a\glazewm\glazewm\GlazeWM.Domain\UserConfigs\CommandHandlers\EvaluateUserConfigHandler.cs:line 49
   at GlazeWM.Infrastructure.Bussing.Bus.Invoke[T](T command) in D:\a\glazewm\glazewm\GlazeWM.Infrastructure\Bussing\Bus.cs:line 48
   at GlazeWM.Domain.UserConfigs.CommandHandlers.ReloadUserConfigHandler.Handle(ReloadUserConfigCommand command) in D:\a\glazewm\glazewm\GlazeWM.Domain\UserConfigs\CommandHandlers\ReloadUserConfigHandler.cs:line 35
   at GlazeWM.Infrastructure.Bussing.Bus.Invoke[T](T command) in D:\a\glazewm\glazewm\GlazeWM.Infrastructure\Bussing\Bus.cs:line 48
   at CallSite.Target(Closure, CallSite, Bus, Object)
   at System.Dynamic.UpdateDelegates.UpdateAndExecuteVoid2[T0,T1](CallSite site, T0 arg0, T1 arg1)
   at GlazeWM.Domain.UserConfigs.CommandHandlers.RunWithSubjectContainerHandler.Handle(RunWithSubjectContainerCommand command) in D:\a\glazewm\glazewm\GlazeWM.Domain\UserConfigs\CommandHandlers\RunWithSubjectContainerHandler.cs:line 28
   at GlazeWM.Infrastructure.Bussing.Bus.Invoke[T](T command) in D:\a\glazewm\glazewm\GlazeWM.Infrastructure\Bussing\Bus.cs:line 48
   at GlazeWM.Domain.UserConfigs.CommandHandlers.RegisterKeybindingsHandler.<>c__DisplayClass4_0.<Handle>b__1() in D:\a\glazewm\glazewm\GlazeWM.Domain\UserConfigs\CommandHandlers\RegisterKeybindingsHandler.cs:line 63
Command history: HandleFatalExceptionCommand, EvaluateUserConfigCommand, ReloadUserConfigCommand, RunWithSubjectContainerCommand, SyncNativeFocusCommand, RedrawContainersCommand, FocusInDirectionCommand, RunWithSubjectContainerCommand, SyncNativeFocusCommand, RedrawContainersCommand, FocusInDirectionCommand, RunWithSubjectContainerCommand, SyncNativeFocusCommand, RedrawContainersCommand, FocusInDirectionCommand 
State dump: {"id":"91beee42-facd-4038-a1a2-6d99878704d1","x":0,"y":0,"width":0,"height":0,"type":"root","focus_index":0,"children":[{"device_name":"\\\\.\\DISPLAY1","id":"2a1f06d7-77f3-4356-96b1-4459f1da19f2","x":0,"y":0,"width":3840,"height":1050,"type":"monitor","focus_index":0,"children":[{"tiling_direction":"horizontal","size_percentage":1,"name":"1","id":"477cbdd2-51d1-44c6-b276-a80795f99e1d","x":5,"y":35,"width":3830,"height":1010,"type":"workspace","focus_index":2,"children":[{"floating_placement":{"left":-2,"top":32,"right":3842,"bottom":1049,"x":-2,"y":32,"width":3844,"height":1017},"border_delta":{"left":7,"top":0,"right":7,"bottom":7},"handle":1311636,"size_percentage":0.33207054942039604,"id":"2ab8a19d-26d2-4db2-b8e9-b6957ff55c98","x":5,"y":35,"width":1268,"height":1010,"type":"window","focus_index":2,"children":[]},{"floating_placement":{"left":957,"top":32,"right":2883,"bottom":1049,"x":957,"y":32,"width":1926,"height":1017},"border_delta":{"left":7,"top":0,"right":7,"bottom":7},"handle":263492,"size_percentage":0.33459611724627086,"id":"5c04e26a-a5aa-4d0e-9632-688ba594f1c5","x":1278,"y":35,"width":1278,"height":1010,"type":"window","focus_index":1,"children":[]},{"floating_placement":{"left":1444,"top":35,"right":2397,"bottom":1045,"x":1444,"y":35,"width":953,"height":1010},"border_delta":{"left":0,"top":0,"right":0,"bottom":0},"handle":197654,"size_percentage":0.3333333333333333,"id":"30b66ee2-257e-49fd-8346-78518ccb9401","x":2561,"y":35,"width":1273,"height":1010,"type":"window","focus_index":0,"children":[]}]},{"tiling_direction":"horizontal","size_percentage":0,"name":"2","id":"4148e131-42fe-44d6-aa4f-b195b8e6a7d0","x":5,"y":35,"width":3830,"height":1010,"type":"workspace","focus_index":0,"children":[{"floating_placement":{"left":1277,"top":32,"right":2564,"bottom":1049,"x":1277,"y":32,"width":1287,"height":1017},"border_delta":{"left":7,"top":0,"right":7,"bottom":7},"handle":1377556,"size_percentage":0.5,"id":"59e34b34-8126-4fa7-9bbb-59f8e7b81189","x":5,"y":35,"width":1912,"height":1010,"type":"window","focus_index":1,"children":[]},{"floating_placement":{"left":964,"top":35,"right":2876,"bottom":1045,"x":964,"y":35,"width":1912,"height":1010},"border_delta":{"left":0,"top":0,"right":0,"bottom":0},"handle":198340,"size_percentage":0.5,"id":"88ab683c-91c7-49bb-b6bf-a19dd6c30c13","x":1922,"y":35,"width":1912,"height":1010,"type":"window","focus_index":0,"children":[]}]},{"tiling_direction":"horizontal","size_percentage":0,"name":"3","id":"4e36a04e-9d8c-437a-8024-ae5016ef8515","x":5,"y":35,"width":3830,"height":1010,"type":"workspace","focus_index":1,"children":[{"floating_placement":{"left":1416,"top":268,"right":2425,"bottom":813,"x":1416,"y":268,"width":1009,"height":545},"border_delta":{"left":7,"top":0,"right":7,"bottom":7},"handle":985476,"size_percentage":0.25000000000000006,"id":"18110b81-5c81-426d-b4e9-8c5ccbb96952","x":5,"y":35,"width":953,"height":1010,"type":"window","focus_index":1,"children":[]},{"floating_placement":{"left":1408,"top":156,"right":2432,"bottom":924,"x":1408,"y":156,"width":1024,"height":768},"border_delta":{"left":0,"top":0,"right":0,"bottom":0},"handle":1901880,"size_percentage":0.25,"id":"dd8974ba-b991-4986-a081-ea4b6bfc3753","x":963,"y":35,"width":953,"height":1010,"type":"window","focus_index":0,"children":[]},{"floating_placement":{"left":1408,"top":156,"right":2432,"bottom":924,"x":1408,"y":156,"width":1024,"height":768},"border_delta":{"left":0,"top":0,"right":0,"bottom":0},"handle":133400,"size_percentage":0.25,"id":"4efdfdc6-f4d1-467e-ba44-2e063a20159a","x":1921,"y":35,"width":953,"height":1010,"type":"window","focus_index":2,"children":[]},{"floating_placement":{"left":968,"top":47,"right":2872,"bottom":1034,"x":968,"y":47,"width":1904,"height":987},"border_delta":{"left":7,"top":0,"right":7,"bottom":7},"handle":459364,"size_percentage":0.25000000000000006,"id":"741bf5ee-85d9-422b-b6fc-3659d3ba6379","x":2879,"y":35,"width":953,"height":1010,"type":"window","focus_index":4,"children":[]},{"floating_placement":{"left":1260,"top":123,"right":1637,"bottom":673,"x":1260,"y":123,"width":377,"height":550},"border_delta":{"left":7,"top":0,"right":7,"bottom":7},"handle":722316,"id":"8dbe5242-c6ac-497c-ab4c-7d55ed20144c","x":1260,"y":123,"width":377,"height":550,"type":"window","focus_index":3,"children":[]}]}]}]}

3/9/2024 8:36:08 PM
GlazeWM.Infrastructure.Exceptions.FatalUserException: Failed to parse user config. Invalid value at property: '$.window_rules[4].command'.
   at GlazeWM.Domain.UserConfigs.CommandHandlers.EvaluateUserConfigHandler.DeserializeUserConfig(String userConfigPath) in D:\a\glazewm\glazewm\GlazeWM.Domain\UserConfigs\CommandHandlers\EvaluateUserConfigHandler.cs:line 109
   at GlazeWM.Domain.UserConfigs.CommandHandlers.EvaluateUserConfigHandler.Handle(EvaluateUserConfigCommand command) in D:\a\glazewm\glazewm\GlazeWM.Domain\UserConfigs\CommandHandlers\EvaluateUserConfigHandler.cs:line 49
   at GlazeWM.Infrastructure.Bussing.Bus.Invoke[T](T command) in D:\a\glazewm\glazewm\GlazeWM.Infrastructure\Bussing\Bus.cs:line 48
   at GlazeWM.Domain.UserConfigs.CommandHandlers.ReloadUserConfigHandler.Handle(ReloadUserConfigCommand command) in D:\a\glazewm\glazewm\GlazeWM.Domain\UserConfigs\CommandHandlers\ReloadUserConfigHandler.cs:line 35
   at GlazeWM.Infrastructure.Bussing.Bus.Invoke[T](T command) in D:\a\glazewm\glazewm\GlazeWM.Infrastructure\Bussing\Bus.cs:line 48
   at CallSite.Target(Closure, CallSite, Bus, Object)
   at System.Dynamic.UpdateDelegates.UpdateAndExecuteVoid2[T0,T1](CallSite site, T0 arg0, T1 arg1)
   at GlazeWM.Domain.UserConfigs.CommandHandlers.RunWithSubjectContainerHandler.Handle(RunWithSubjectContainerCommand command) in D:\a\glazewm\glazewm\GlazeWM.Domain\UserConfigs\CommandHandlers\RunWithSubjectContainerHandler.cs:line 28
   at GlazeWM.Infrastructure.Bussing.Bus.Invoke[T](T command) in D:\a\glazewm\glazewm\GlazeWM.Infrastructure\Bussing\Bus.cs:line 48
   at GlazeWM.Domain.UserConfigs.CommandHandlers.RegisterKeybindingsHandler.<>c__DisplayClass4_0.<Handle>b__1() in D:\a\glazewm\glazewm\GlazeWM.Domain\UserConfigs\CommandHandlers\RegisterKeybindingsHandler.cs:line 63
Command history: HandleFatalExceptionCommand, EvaluateUserConfigCommand, ReloadUserConfigCommand, RunWithSubjectContainerCommand, SetActiveWindowBorderCommand, SetFocusedDescendantCommand, SyncNativeFocusCommand, RedrawContainersCommand, ChangeTilingDirectionCommand, MoveWindowCommand, RunWithSubjectContainerCommand, SyncNativeFocusCommand, RedrawContainersCommand, ChangeTilingDirectionCommand, MoveWindowCommand 
State dump: {"id":"ce291481-ff50-4a2f-b6fb-f2fc3822a7b3","x":0,"y":0,"width":0,"height":0,"type":"root","focus_index":0,"children":[{"device_name":"\\\\.\\DISPLAY1","id":"80b23096-1cf4-41a8-9afa-f3a2dde6412e","x":0,"y":0,"width":3840,"height":1050,"type":"monitor","focus_index":0,"children":[{"tiling_direction":"horizontal","size_percentage":1,"name":"1","id":"d05f2646-bb5a-4162-8053-897a716f586c","x":5,"y":35,"width":3830,"height":1010,"type":"workspace","focus_index":2,"children":[{"floating_placement":{"left":1539,"top":35,"right":2301,"bottom":1045,"x":1539,"y":35,"width":762,"height":1010},"border_delta":{"left":0,"top":0,"right":0,"bottom":0},"handle":66700,"previous_state":"tiling","id":"ee338277-3065-4f19-9558-9ee66541d677","x":0,"y":0,"width":0,"height":0,"type":"window","focus_index":2,"children":[]},{"floating_placement":{"left":1467,"top":173,"right":2373,"bottom":908,"x":1467,"y":173,"width":906,"height":735},"border_delta":{"left":7,"top":0,"right":7,"bottom":7},"handle":66724,"size_percentage":0.5,"id":"2e58d44d-3064-4a4d-be31-baf5d577e539","x":5,"y":35,"width":1912,"height":1010,"type":"window","focus_index":1,"children":[]},{"floating_placement":{"left":1450,"top":35,"right":2390,"bottom":1045,"x":1450,"y":35,"width":940,"height":1010},"border_delta":{"left":0,"top":0,"right":0,"bottom":0},"handle":66572,"size_percentage":0.5,"id":"84e53d31-8d79-4f74-8790-b1bf6f2c18bc","x":1922,"y":35,"width":1912,"height":1010,"type":"window","focus_index":0,"children":[]}]},{"tiling_direction":"horizontal","size_percentage":0,"name":"3","id":"f1881ff3-c9d2-4734-9ba5-d60e52bdfc5e","x":5,"y":35,"width":3830,"height":1010,"type":"workspace","focus_index":0,"children":[{"floating_placement":{"left":-2,"top":32,"right":3842,"bottom":1049,"x":-2,"y":32,"width":3844,"height":1017},"border_delta":{"left":7,"top":0,"right":7,"bottom":7},"handle":328888,"size_percentage":0.5,"id":"928d4b6a-037c-4936-a4eb-c7e052c279ea","x":5,"y":35,"width":1912,"height":1010,"type":"window","focus_index":1,"children":[]},{"floating_placement":{"left":5,"top":35,"right":3835,"bottom":1045,"x":5,"y":35,"width":3830,"height":1010},"border_delta":{"left":0,"top":0,"right":0,"bottom":0},"handle":131578,"size_percentage":0.5,"id":"111de2fe-74e6-4ed8-8f65-1154382f56e8","x":1922,"y":35,"width":1912,"height":1010,"type":"window","focus_index":0,"children":[]}]},{"tiling_direction":"horizontal","size_percentage":0,"name":"2","id":"b7db4413-224d-4ce1-ba80-da7b0a74aecf","x":5,"y":35,"width":3830,"height":1010,"type":"workspace","focus_index":1,"children":[{"floating_placement":{"left":957,"top":32,"right":2883,"bottom":1049,"x":957,"y":32,"width":1926,"height":1017},"border_delta":{"left":7,"top":0,"right":7,"bottom":7},"handle":262632,"size_percentage":1,"id":"62cd5a3e-b1c1-40de-bdba-f0d7bdeb4d12","x":5,"y":35,"width":3830,"height":1010,"type":"window","focus_index":0,"children":[]}]}]}]}

3/9/2024 9:34:36 PM
GlazeWM.Infrastructure.Exceptions.FatalUserException: Failed to parse user config. (Line: 107, Col: 25, Idx: 3291) - (Line: 107, Col: 30, Idx: 3296): While scanning a quoted scalar, did not find expected hexadecimal number.
   at GlazeWM.Domain.UserConfigs.CommandHandlers.EvaluateUserConfigHandler.DeserializeUserConfig(String userConfigPath) in D:\a\glazewm\glazewm\GlazeWM.Domain\UserConfigs\CommandHandlers\EvaluateUserConfigHandler.cs:line 109
   at GlazeWM.Domain.UserConfigs.CommandHandlers.EvaluateUserConfigHandler.Handle(EvaluateUserConfigCommand command) in D:\a\glazewm\glazewm\GlazeWM.Domain\UserConfigs\CommandHandlers\EvaluateUserConfigHandler.cs:line 49
   at GlazeWM.Infrastructure.Bussing.Bus.Invoke[T](T command) in D:\a\glazewm\glazewm\GlazeWM.Infrastructure\Bussing\Bus.cs:line 48
   at GlazeWM.Domain.UserConfigs.CommandHandlers.ReloadUserConfigHandler.Handle(ReloadUserConfigCommand command) in D:\a\glazewm\glazewm\GlazeWM.Domain\UserConfigs\CommandHandlers\ReloadUserConfigHandler.cs:line 35
   at GlazeWM.Infrastructure.Bussing.Bus.Invoke[T](T command) in D:\a\glazewm\glazewm\GlazeWM.Infrastructure\Bussing\Bus.cs:line 48
   at CallSite.Target(Closure, CallSite, Bus, Object)
   at System.Dynamic.UpdateDelegates.UpdateAndExecuteVoid2[T0,T1](CallSite site, T0 arg0, T1 arg1)
   at GlazeWM.Domain.UserConfigs.CommandHandlers.RunWithSubjectContainerHandler.Handle(RunWithSubjectContainerCommand command) in D:\a\glazewm\glazewm\GlazeWM.Domain\UserConfigs\CommandHandlers\RunWithSubjectContainerHandler.cs:line 28
   at GlazeWM.Infrastructure.Bussing.Bus.Invoke[T](T command) in D:\a\glazewm\glazewm\GlazeWM.Infrastructure\Bussing\Bus.cs:line 48
   at GlazeWM.Domain.UserConfigs.CommandHandlers.RegisterKeybindingsHandler.<>c__DisplayClass4_0.<Handle>b__1() in D:\a\glazewm\glazewm\GlazeWM.Domain\UserConfigs\CommandHandlers\RegisterKeybindingsHandler.cs:line 63
Command history: HandleFatalExceptionCommand, EvaluateUserConfigCommand, ReloadUserConfigCommand, RunWithSubjectContainerCommand, SetActiveWindowBorderCommand, SyncNativeFocusCommand, RedrawContainersCommand, DetachContainerCommand, DeactivateWorkspaceCommand, SetFocusedDescendantCommand, FocusWorkspaceCommand, RunWithSubjectContainerCommand, SetActiveWindowBorderCommand, SyncNativeFocusCommand, RedrawContainersCommand 
State dump: {"id":"bc02bfda-c965-450f-8e5d-e629cc73bb0f","x":0,"y":0,"width":0,"height":0,"type":"root","focus_index":0,"children":[{"device_name":"\\\\.\\DISPLAY1","id":"fe896496-6249-46b0-a909-df36600f845e","x":0,"y":0,"width":3840,"height":1050,"type":"monitor","focus_index":0,"children":[{"tiling_direction":"horizontal","size_percentage":1,"name":"1","id":"7c6d46b6-cfe6-4a07-8a40-be6e39deb19e","x":5,"y":35,"width":3830,"height":1010,"type":"workspace","focus_index":2,"children":[{"floating_placement":{"left":1539,"top":35,"right":2301,"bottom":1045,"x":1539,"y":35,"width":762,"height":1010},"border_delta":{"left":0,"top":0,"right":0,"bottom":0},"handle":66700,"previous_state":"tiling","id":"e1c37a05-3fbf-42ec-8e73-0a811dfb4836","x":0,"y":0,"width":0,"height":0,"type":"window","focus_index":3,"children":[]},{"floating_placement":{"left":5,"top":35,"right":3835,"bottom":1045,"x":5,"y":35,"width":3830,"height":1010},"border_delta":{"left":0,"top":0,"right":0,"bottom":0},"handle":197528,"size_percentage":0.5,"id":"dda30b46-362d-4c44-866c-52bcfe3d9eb8","x":5,"y":35,"width":1912,"height":1010,"type":"window","focus_index":0,"children":[]},{"floating_placement":{"left":1277,"top":32,"right":2564,"bottom":1049,"x":1277,"y":32,"width":1287,"height":1017},"border_delta":{"left":7,"top":0,"right":7,"bottom":7},"handle":328624,"size_percentage":0.5,"id":"fc1d3e0c-f7c2-46ba-bc74-46f81ea38a27","x":1922,"y":35,"width":1912,"height":1010,"type":"window","focus_index":2,"children":[]},{"floating_placement":{"left":1152,"top":108,"right":2688,"bottom":972,"x":1152,"y":108,"width":1536,"height":864},"border_delta":{"left":0,"top":0,"right":0,"bottom":0},"handle":721388,"previous_state":"floating","id":"d221f468-4d70-41f7-afd2-8c0573594d67","x":0,"y":0,"width":0,"height":0,"type":"window","focus_index":1,"children":[]}]},{"tiling_direction":"horizontal","size_percentage":0,"name":"3","id":"f9ba9c94-0a33-4fdf-8cac-54f37b13692a","x":5,"y":35,"width":3830,"height":1010,"type":"workspace","focus_index":0,"children":[{"floating_placement":{"left":957,"top":32,"right":2883,"bottom":1049,"x":957,"y":32,"width":1926,"height":1017},"border_delta":{"left":7,"top":0,"right":7,"bottom":7},"handle":328888,"size_percentage":0.3182840146367825,"id":"588c177f-2f99-4d3c-91a2-6246314c0ea4","x":5,"y":35,"width":1215,"height":1010,"type":"window","focus_index":2,"children":[]},{"floating_placement":{"left":964,"top":35,"right":2876,"bottom":1045,"x":964,"y":35,"width":1912,"height":1010},"border_delta":{"left":0,"top":0,"right":0,"bottom":0},"handle":197986,"size_percentage":0.3483826520298841,"id":"981336f3-96fe-4111-94b7-237d6269f43d","x":1225,"y":35,"width":1330,"height":1010,"type":"window","focus_index":0,"children":[]},{"floating_placement":{"left":954,"top":32,"right":2887,"bottom":1049,"x":954,"y":32,"width":1933,"height":1017},"border_delta":{"left":7,"top":0,"right":7,"bottom":7},"handle":1902020,"size_percentage":0.3333333333333333,"id":"bff8833d-106a-476a-b6db-bdac4d6c18fe","x":2560,"y":35,"width":1273,"height":1010,"type":"window","focus_index":1,"children":[]}]},{"tiling_direction":"horizontal","size_percentage":0,"name":"2","id":"ff83db19-50c8-4ab3-a8c9-c8fc8f463eda","x":5,"y":35,"width":3830,"height":1010,"type":"workspace","focus_index":1,"children":[{"floating_placement":{"left":957,"top":32,"right":2883,"bottom":1049,"x":957,"y":32,"width":1926,"height":1017},"border_delta":{"left":7,"top":0,"right":7,"bottom":7},"handle":4064730,"size_percentage":0.5,"id":"db9373f1-02e0-4ecb-9881-784876435f27","x":5,"y":35,"width":1912,"height":1010,"type":"window","focus_index":1,"children":[]},{"floating_placement":{"left":-2,"top":32,"right":3842,"bottom":1049,"x":-2,"y":32,"width":3844,"height":1017},"border_delta":{"left":7,"top":0,"right":7,"bottom":7},"handle":3606064,"size_percentage":0.5,"id":"5fe11d0d-e396-4b1d-97c8-90ef8d2410e5","x":1922,"y":35,"width":1912,"height":1010,"type":"window","focus_index":0,"children":[]}]}]}]}

3/9/2024 9:36:26 PM
GlazeWM.Infrastructure.Exceptions.FatalUserException: Failed to parse user config. (Line: 107, Col: 25, Idx: 3291) - (Line: 107, Col: 30, Idx: 3296): While scanning a quoted scalar, did not find expected hexadecimal number.
   at GlazeWM.Domain.UserConfigs.CommandHandlers.EvaluateUserConfigHandler.DeserializeUserConfig(String userConfigPath) in D:\a\glazewm\glazewm\GlazeWM.Domain\UserConfigs\CommandHandlers\EvaluateUserConfigHandler.cs:line 109
   at GlazeWM.Domain.UserConfigs.CommandHandlers.EvaluateUserConfigHandler.Handle(EvaluateUserConfigCommand command) in D:\a\glazewm\glazewm\GlazeWM.Domain\UserConfigs\CommandHandlers\EvaluateUserConfigHandler.cs:line 49
   at GlazeWM.Infrastructure.Bussing.Bus.Invoke[T](T command) in D:\a\glazewm\glazewm\GlazeWM.Infrastructure\Bussing\Bus.cs:line 41
   at GlazeWM.Domain.Common.CommandHandlers.PopulateInitialStateHandler.Handle(PopulateInitialStateCommand command) in D:\a\glazewm\glazewm\GlazeWM.Domain\Common\CommandHandlers\PopulateInitialStateHandler.cs:line 41
   at GlazeWM.Infrastructure.Bussing.Bus.Invoke[T](T command) in D:\a\glazewm\glazewm\GlazeWM.Infrastructure\Bussing\Bus.cs:line 41
   at GlazeWM.App.WindowManager.WmStartup.Run()
Command history: HandleFatalExceptionCommand, EvaluateUserConfigCommand, PopulateInitialStateCommand 
State dump: {"id":"a6852fa6-d42e-4a82-8ecd-c6aa3ebd577a","x":0,"y":0,"width":0,"height":0,"type":"root","focus_index":0,"children":[]}

3/9/2024 9:36:47 PM
System.Text.RegularExpressions.RegexParseException: Invalid pattern '^C:\Users\seb\AppData\Local\Discord\app-1.0.9035\Discord.exe$' at offset 5. Unrecognized escape sequence \\U.
   at System.Text.RegularExpressions.RegexParser.ScanCharEscape()
   at System.Text.RegularExpressions.RegexParser.ScanBasicBackslash(Boolean scanOnly)
   at System.Text.RegularExpressions.RegexParser.ScanBackslash(Boolean scanOnly)
   at System.Text.RegularExpressions.RegexParser.CountCaptures(RegexOptions& optionsFoundInPattern)
   at System.Text.RegularExpressions.RegexParser.Parse(String pattern, RegexOptions options, CultureInfo culture)
   at System.Text.RegularExpressions.Regex..ctor(String pattern, CultureInfo culture)
   at GlazeWM.Domain.UserConfigs.WindowRuleConfig.CreateRegex(String input) in D:\a\glazewm\glazewm\GlazeWM.Domain\UserConfigs\WindowRuleConfig.cs:line 46
   at GlazeWM.Domain.UserConfigs.WindowRuleConfig.get_ProcessNameRegex() in D:\a\glazewm\glazewm\GlazeWM.Domain\UserConfigs\WindowRuleConfig.cs:line 11
   at GlazeWM.Domain.UserConfigs.UserConfigService.<>c__DisplayClass30_0.<GetMatchingWindowRules>b__0(WindowRuleConfig rule) in D:\a\glazewm\glazewm\GlazeWM.Domain\UserConfigs\UserConfigService.cs:line 135
   at System.Linq.Enumerable.WhereListIterator`1.ToList()
   at GlazeWM.Domain.UserConfigs.UserConfigService.GetMatchingWindowRules(Window window) in D:\a\glazewm\glazewm\GlazeWM.Domain\UserConfigs\UserConfigService.cs:line 133
   at GlazeWM.Domain.Windows.CommandHandlers.ManageWindowHandler.Handle(ManageWindowCommand command) in D:\a\glazewm\glazewm\GlazeWM.Domain\Windows\CommandHandlers\ManageWindowHandler.cs:line 64
   at GlazeWM.Infrastructure.Bussing.Bus.Invoke[T](T command) in D:\a\glazewm\glazewm\GlazeWM.Infrastructure\Bussing\Bus.cs:line 41
   at GlazeWM.Domain.Common.CommandHandlers.PopulateInitialStateHandler.PopulateContainerTree() in D:\a\glazewm\glazewm\GlazeWM.Domain\Common\CommandHandlers\PopulateInitialStateHandler.cs:line 88
   at GlazeWM.Domain.Common.CommandHandlers.PopulateInitialStateHandler.Handle(PopulateInitialStateCommand command) in D:\a\glazewm\glazewm\GlazeWM.Domain\Common\CommandHandlers\PopulateInitialStateHandler.cs:line 44
   at GlazeWM.Infrastructure.Bussing.Bus.Invoke[T](T command) in D:\a\glazewm\glazewm\GlazeWM.Infrastructure\Bussing\Bus.cs:line 41
   at GlazeWM.App.WindowManager.WmStartup.Run()
Command history: HandleFatalExceptionCommand, AttachContainerCommand, ManageWindowCommand, AttachContainerCommand, ActivateWorkspaceCommand, AttachContainerCommand, AddMonitorCommand, RegisterKeybindingsCommand, EvaluateUserConfigCommand, PopulateInitialStateCommand 
State dump: {"id":"f3b1395d-c4b0-44dd-ac57-2a822e6ddcbd","x":0,"y":0,"width":0,"height":0,"type":"root","focus_index":0,"children":[{"device_name":"\\\\.\\DISPLAY1","id":"a147efe0-b0d1-426b-87b3-7d60be9b1740","x":0,"y":0,"width":3840,"height":1050,"type":"monitor","focus_index":0,"children":[{"tiling_direction":"horizontal","size_percentage":1,"name":"1","id":"11ba524d-a363-4978-aff8-afa8f8670c5b","x":5,"y":35,"width":3830,"height":1010,"type":"workspace","focus_index":0,"children":[{"floating_placement":{"left":1440,"top":15,"right":2400,"bottom":1065,"x":1440,"y":15,"width":960,"height":1050},"border_delta":{"left":7,"top":0,"right":7,"bottom":7},"handle":197986,"size_percentage":1,"id":"1d4ed484-a799-4f50-9fa1-352ef2d53627","x":5,"y":35,"width":3830,"height":1010,"type":"window","focus_index":0,"children":[]}]}]}]}

3/10/2024 2:03:59 PM
GlazeWM.Infrastructure.Exceptions.FatalUserException: Failed to parse user config. (Line: 195, Col: 14, Idx: 6100) - (Line: 195, Col: 24, Idx: 6110): While scanning a quoted scalar, did not find expected hexadecimal number.
   at GlazeWM.Domain.UserConfigs.CommandHandlers.EvaluateUserConfigHandler.DeserializeUserConfig(String userConfigPath) in D:\a\glazewm\glazewm\GlazeWM.Domain\UserConfigs\CommandHandlers\EvaluateUserConfigHandler.cs:line 109
   at GlazeWM.Domain.UserConfigs.CommandHandlers.EvaluateUserConfigHandler.Handle(EvaluateUserConfigCommand command) in D:\a\glazewm\glazewm\GlazeWM.Domain\UserConfigs\CommandHandlers\EvaluateUserConfigHandler.cs:line 49
   at GlazeWM.Infrastructure.Bussing.Bus.Invoke[T](T command) in D:\a\glazewm\glazewm\GlazeWM.Infrastructure\Bussing\Bus.cs:line 48
   at GlazeWM.Domain.UserConfigs.CommandHandlers.ReloadUserConfigHandler.Handle(ReloadUserConfigCommand command) in D:\a\glazewm\glazewm\GlazeWM.Domain\UserConfigs\CommandHandlers\ReloadUserConfigHandler.cs:line 35
   at GlazeWM.Infrastructure.Bussing.Bus.Invoke[T](T command) in D:\a\glazewm\glazewm\GlazeWM.Infrastructure\Bussing\Bus.cs:line 48
   at CallSite.Target(Closure, CallSite, Bus, Object)
   at System.Dynamic.UpdateDelegates.UpdateAndExecuteVoid2[T0,T1](CallSite site, T0 arg0, T1 arg1)
   at GlazeWM.Domain.UserConfigs.CommandHandlers.RunWithSubjectContainerHandler.Handle(RunWithSubjectContainerCommand command) in D:\a\glazewm\glazewm\GlazeWM.Domain\UserConfigs\CommandHandlers\RunWithSubjectContainerHandler.cs:line 53
   at GlazeWM.Infrastructure.Bussing.Bus.Invoke[T](T command) in D:\a\glazewm\glazewm\GlazeWM.Infrastructure\Bussing\Bus.cs:line 48
   at GlazeWM.Domain.UserConfigs.CommandHandlers.RegisterKeybindingsHandler.<>c__DisplayClass4_0.<Handle>b__1() in D:\a\glazewm\glazewm\GlazeWM.Domain\UserConfigs\CommandHandlers\RegisterKeybindingsHandler.cs:line 55
Command history: HandleFatalExceptionCommand, EvaluateUserConfigCommand, ReloadUserConfigCommand, RunWithSubjectContainerCommand, SetActiveWindowBorderCommand, SetFocusedDescendantCommand, SetActiveWindowBorderCommand, SyncNativeFocusCommand, RedrawContainersCommand, RunWithSubjectContainerCommand, SetFocusedDescendantCommand, ResizeContainerCommand, AttachContainerCommand, ManageWindowCommand, SyncNativeFocusCommand 
State dump: {"id":"6a414549-f27d-4374-a016-1cefbb30cf5a","x":0,"y":0,"width":0,"height":0,"type":"root","focus_index":0,"children":[{"device_name":"\\\\.\\DISPLAY1","id":"7e23caa2-eea7-4450-9c32-aa5669d5c67b","x":0,"y":0,"width":3840,"height":1080,"type":"monitor","focus_index":0,"children":[{"tiling_direction":"horizontal","size_percentage":1,"name":"1","id":"dbfd58de-d28c-41b4-b26e-cc242930df07","x":5,"y":35,"width":3830,"height":1040,"type":"workspace","focus_index":1,"children":[{"floating_placement":{"left":1539,"top":50,"right":2301,"bottom":1060,"x":1539,"y":50,"width":762,"height":1010},"border_delta":{"left":0,"top":0,"right":0,"bottom":0},"handle":131664,"previous_state":"tiling","id":"adf59e07-bbc6-4639-88b5-f76dfc067e28","x":0,"y":0,"width":0,"height":0,"type":"window","focus_index":2,"children":[]},{"floating_placement":{"left":1450,"top":35,"right":2390,"bottom":1075,"x":1450,"y":35,"width":940,"height":1040},"border_delta":{"left":0,"top":0,"right":0,"bottom":0},"handle":197770,"size_percentage":0.5,"id":"995e7aba-77f8-4d48-824b-8c29d332b953","x":5,"y":35,"width":1912,"height":1040,"type":"window","focus_index":1,"children":[]},{"floating_placement":{"left":1467,"top":32,"right":2373,"bottom":1079,"x":1467,"y":32,"width":906,"height":1047},"border_delta":{"left":7,"top":0,"right":7,"bottom":7},"handle":66868,"size_percentage":0.5,"id":"7439b752-cd03-4d1a-ad09-66fa22e0d2c8","x":1922,"y":35,"width":1912,"height":1040,"type":"window","focus_index":0,"children":[]}]},{"tiling_direction":"horizontal","size_percentage":0,"name":"3","id":"c15dc849-698c-4c80-be10-9e72960de003","x":5,"y":35,"width":3830,"height":1040,"type":"workspace","focus_index":0,"children":[{"floating_placement":{"left":5,"top":35,"right":3835,"bottom":1075,"x":5,"y":35,"width":3830,"height":1040},"border_delta":{"left":0,"top":0,"right":0,"bottom":0},"handle":66850,"size_percentage":0.5,"id":"ea7903c7-a48e-4c1a-a002-bcf741606d1e","x":5,"y":35,"width":1912,"height":1040,"type":"window","focus_index":0,"children":[]},{"floating_placement":{"left":1416,"top":283,"right":2425,"bottom":828,"x":1416,"y":283,"width":1009,"height":545},"border_delta":{"left":7,"top":0,"right":7,"bottom":7},"handle":132050,"size_percentage":0.5,"id":"3d50cf16-a19a-49b4-821d-ba0ba5a7123c","x":1922,"y":35,"width":1912,"height":1040,"type":"window","focus_index":1,"children":[]}]}]}]}

3/10/2024 2:14:53 PM
GlazeWM.Infrastructure.Exceptions.FatalUserException: Failed to parse user config. (Line: 111, Col: 27, Idx: 3438) - (Line: 111, Col: 68, Idx: 3479): While parsing a block mapping, did not find expected key.
   at GlazeWM.Domain.UserConfigs.CommandHandlers.EvaluateUserConfigHandler.DeserializeUserConfig(String userConfigPath) in D:\a\glazewm\glazewm\GlazeWM.Domain\UserConfigs\CommandHandlers\EvaluateUserConfigHandler.cs:line 109
   at GlazeWM.Domain.UserConfigs.CommandHandlers.EvaluateUserConfigHandler.Handle(EvaluateUserConfigCommand command) in D:\a\glazewm\glazewm\GlazeWM.Domain\UserConfigs\CommandHandlers\EvaluateUserConfigHandler.cs:line 49
   at GlazeWM.Infrastructure.Bussing.Bus.Invoke[T](T command) in D:\a\glazewm\glazewm\GlazeWM.Infrastructure\Bussing\Bus.cs:line 48
   at GlazeWM.Domain.UserConfigs.CommandHandlers.ReloadUserConfigHandler.Handle(ReloadUserConfigCommand command) in D:\a\glazewm\glazewm\GlazeWM.Domain\UserConfigs\CommandHandlers\ReloadUserConfigHandler.cs:line 35
   at GlazeWM.Infrastructure.Bussing.Bus.Invoke[T](T command) in D:\a\glazewm\glazewm\GlazeWM.Infrastructure\Bussing\Bus.cs:line 48
   at CallSite.Target(Closure, CallSite, Bus, Object)
   at System.Dynamic.UpdateDelegates.UpdateAndExecuteVoid2[T0,T1](CallSite site, T0 arg0, T1 arg1)
   at GlazeWM.Domain.UserConfigs.CommandHandlers.RunWithSubjectContainerHandler.Handle(RunWithSubjectContainerCommand command) in D:\a\glazewm\glazewm\GlazeWM.Domain\UserConfigs\CommandHandlers\RunWithSubjectContainerHandler.cs:line 28
   at GlazeWM.Infrastructure.Bussing.Bus.Invoke[T](T command) in D:\a\glazewm\glazewm\GlazeWM.Infrastructure\Bussing\Bus.cs:line 48
   at GlazeWM.Domain.UserConfigs.CommandHandlers.RegisterKeybindingsHandler.<>c__DisplayClass4_0.<Handle>b__1() in D:\a\glazewm\glazewm\GlazeWM.Domain\UserConfigs\CommandHandlers\RegisterKeybindingsHandler.cs:line 63
Command history: HandleFatalExceptionCommand, EvaluateUserConfigCommand, ReloadUserConfigCommand, RunWithSubjectContainerCommand, SetActiveWindowBorderCommand, SetFocusedDescendantCommand, SetActiveWindowBorderCommand, SyncNativeFocusCommand, RedrawContainersCommand, SetFocusedDescendantCommand, FocusInDirectionCommand, RunWithSubjectContainerCommand, SyncNativeFocusCommand, RedrawContainersCommand, RegisterKeybindingsCommand 
State dump: {"id":"279377fc-ca91-4557-bbb7-da2aeb235daa","x":0,"y":0,"width":0,"height":0,"type":"root","focus_index":0,"children":[{"device_name":"\\\\.\\DISPLAY1","id":"9af19baf-af7c-4014-a061-c6839f5ccff7","x":0,"y":0,"width":3840,"height":1080,"type":"monitor","focus_index":0,"children":[{"tiling_direction":"horizontal","size_percentage":1,"name":"1","id":"33295c45-6a6a-471a-99b0-556008387f08","x":5,"y":35,"width":3830,"height":1040,"type":"workspace","focus_index":1,"children":[{"floating_placement":{"left":964,"top":35,"right":2876,"bottom":1075,"x":964,"y":35,"width":1912,"height":1040},"border_delta":{"left":0,"top":0,"right":0,"bottom":0},"handle":197770,"size_percentage":0.25,"id":"28abc99f-81da-474e-8d05-cb722a650315","x":5,"y":35,"width":953,"height":1040,"type":"window","focus_index":2,"children":[]},{"floating_placement":{"left":957,"top":32,"right":2883,"bottom":1079,"x":957,"y":32,"width":1926,"height":1047},"border_delta":{"left":7,"top":0,"right":7,"bottom":7},"handle":66868,"size_percentage":0.25,"id":"1209bf09-b1bd-4e83-8b1d-a3c053fcae55","x":963,"y":35,"width":953,"height":1040,"type":"window","focus_index":3,"children":[]},{"floating_placement":{"left":1539,"top":50,"right":2301,"bottom":1060,"x":1539,"y":50,"width":762,"height":1010},"border_delta":{"left":0,"top":0,"right":0,"bottom":0},"handle":131664,"size_percentage":0.25,"id":"bdccf8aa-75a6-49a6-85bf-60493ab5545b","x":1921,"y":35,"width":953,"height":1040,"type":"window","focus_index":1,"children":[]},{"floating_placement":{"left":1277,"top":47,"right":2564,"bottom":1064,"x":1277,"y":47,"width":1287,"height":1017},"border_delta":{"left":7,"top":0,"right":7,"bottom":7},"handle":132630,"size_percentage":0.25,"id":"caf2f03c-0c9e-4057-bece-edbc3f38ca56","x":2879,"y":35,"width":953,"height":1040,"type":"window","focus_index":0,"children":[]}]},{"tiling_direction":"horizontal","size_percentage":0,"name":"3","id":"da670edc-a45c-4bbc-993a-0a153a16d476","x":5,"y":35,"width":3830,"height":1040,"type":"workspace","focus_index":0,"children":[{"floating_placement":{"left":1532,"top":32,"right":2308,"bottom":1079,"x":1532,"y":32,"width":776,"height":1047},"border_delta":{"left":7,"top":0,"right":7,"bottom":7},"handle":263754,"size_percentage":0.26333333333333325,"id":"d6287d80-b62c-4099-a4d1-baa906b0b1f8","x":5,"y":35,"width":1005,"height":1040,"type":"window","focus_index":1,"children":[]},{"floating_placement":{"left":964,"top":35,"right":2876,"bottom":1075,"x":964,"y":35,"width":1912,"height":1040},"border_delta":{"left":0,"top":0,"right":0,"bottom":0},"handle":66850,"size_percentage":0.4733333333333335,"id":"fe9fcf20-cdc4-422e-a567-aeb634efff6d","x":1015,"y":35,"width":1808,"height":1040,"type":"window","focus_index":0,"children":[]},{"floating_placement":{"left":1416,"top":283,"right":2425,"bottom":828,"x":1416,"y":283,"width":1009,"height":545},"border_delta":{"left":7,"top":0,"right":7,"bottom":7},"handle":132348,"size_percentage":0.2633333333333333,"id":"c6e91137-1917-4e47-9fb7-cac5766486d0","x":2828,"y":35,"width":1005,"height":1040,"type":"window","focus_index":2,"children":[]}]}]}]}

3/10/2024 2:14:55 PM
GlazeWM.Infrastructure.Exceptions.FatalUserException: Failed to parse user config. (Line: 111, Col: 27, Idx: 3438) - (Line: 111, Col: 68, Idx: 3479): While parsing a block mapping, did not find expected key.
   at GlazeWM.Domain.UserConfigs.CommandHandlers.EvaluateUserConfigHandler.DeserializeUserConfig(String userConfigPath) in D:\a\glazewm\glazewm\GlazeWM.Domain\UserConfigs\CommandHandlers\EvaluateUserConfigHandler.cs:line 109
   at GlazeWM.Domain.UserConfigs.CommandHandlers.EvaluateUserConfigHandler.Handle(EvaluateUserConfigCommand command) in D:\a\glazewm\glazewm\GlazeWM.Domain\UserConfigs\CommandHandlers\EvaluateUserConfigHandler.cs:line 49
   at GlazeWM.Infrastructure.Bussing.Bus.Invoke[T](T command) in D:\a\glazewm\glazewm\GlazeWM.Infrastructure\Bussing\Bus.cs:line 41
   at GlazeWM.Domain.Common.CommandHandlers.PopulateInitialStateHandler.Handle(PopulateInitialStateCommand command) in D:\a\glazewm\glazewm\GlazeWM.Domain\Common\CommandHandlers\PopulateInitialStateHandler.cs:line 41
   at GlazeWM.Infrastructure.Bussing.Bus.Invoke[T](T command) in D:\a\glazewm\glazewm\GlazeWM.Infrastructure\Bussing\Bus.cs:line 41
   at GlazeWM.App.WindowManager.WmStartup.Run()
Command history: HandleFatalExceptionCommand, EvaluateUserConfigCommand, PopulateInitialStateCommand 
State dump: {"id":"ed1ecb2f-224f-4a31-86d8-4fb080b56c33","x":0,"y":0,"width":0,"height":0,"type":"root","focus_index":0,"children":[]}

3/10/2024 2:15:11 PM
GlazeWM.Infrastructure.Exceptions.FatalUserException: Failed to parse user config. (Line: 111, Col: 27, Idx: 3438) - (Line: 111, Col: 36, Idx: 3447): While parsing a block mapping, did not find expected key.
   at GlazeWM.Domain.UserConfigs.CommandHandlers.EvaluateUserConfigHandler.DeserializeUserConfig(String userConfigPath) in D:\a\glazewm\glazewm\GlazeWM.Domain\UserConfigs\CommandHandlers\EvaluateUserConfigHandler.cs:line 109
   at GlazeWM.Domain.UserConfigs.CommandHandlers.EvaluateUserConfigHandler.Handle(EvaluateUserConfigCommand command) in D:\a\glazewm\glazewm\GlazeWM.Domain\UserConfigs\CommandHandlers\EvaluateUserConfigHandler.cs:line 49
   at GlazeWM.Infrastructure.Bussing.Bus.Invoke[T](T command) in D:\a\glazewm\glazewm\GlazeWM.Infrastructure\Bussing\Bus.cs:line 41
   at GlazeWM.Domain.Common.CommandHandlers.PopulateInitialStateHandler.Handle(PopulateInitialStateCommand command) in D:\a\glazewm\glazewm\GlazeWM.Domain\Common\CommandHandlers\PopulateInitialStateHandler.cs:line 41
   at GlazeWM.Infrastructure.Bussing.Bus.Invoke[T](T command) in D:\a\glazewm\glazewm\GlazeWM.Infrastructure\Bussing\Bus.cs:line 41
   at GlazeWM.App.WindowManager.WmStartup.Run()
Command history: HandleFatalExceptionCommand, EvaluateUserConfigCommand, PopulateInitialStateCommand 
State dump: {"id":"39f5964c-be95-4b17-baa9-26d690e09c0a","x":0,"y":0,"width":0,"height":0,"type":"root","focus_index":0,"children":[]}

